
Start-Date: 2023-07-14  15:41:46
Commandline: apt build-dep libcamera-apps
Requested-By: pi (1000)
Install: qtchooser:armhf (66-2, automatic), debhelper:armhf (13.3.4), libexif-dev:armhf (0.6.22-3), libdrm-dev:armhf (2.4.104-1+rpi1), libpostproc-dev:armhf (8:4.3.6-0+deb11u1+rpt2, automatic), qt5-qmake-bin:armhf (5.15.2+dfsg-9+rpi1, automatic), libboost1.74-dev:armhf (1.74.0-9, automatic), libglx-dev:armhf (1.3.2-1, automatic), libegl-dev:armhf (1.3.2-1, automatic), libgles-dev:armhf (1.3.2-1, automatic), qtbase5-dev-tools:armhf (5.15.2+dfsg-9+rpi1, automatic), xtrans-dev:armhf (1.4.0-1, automatic), libboost-program-options1.74-dev:armhf (1.74.0-9, automatic), dwz:armhf (0.13+20210201-1, automatic), libxcb1-dev:armhf (1.14-3, automatic), libdrm-freedreno1:armhf (2.4.104-1+rpi1, automatic), libjpeg62-turbo-dev:armhf (1:2.0.6-4), automake:armhf (1:1.16.3-2, automatic), libarchive-zip-perl:armhf (1.68-1, automatic), libtiffxx5:armhf (4.2.0-1+deb11u4, automatic), libsigsegv2:armhf (2.13-1, automatic), libepoxy-dev:armhf (1.5.5-1), libsub-override-perl:armhf (0.09-2, automatic), libjsoncpp24:armhf (1.9.4-4, automatic), po-debconf:armhf (1.0.21+nmu1, automatic), libcamera-dev:armhf (0~git20230302+923f5d70-1), libdebhelper-perl:armhf (13.3.4, automatic), libjbig-dev:armhf (2.1-3.1+b2, automatic), libxau-dev:armhf (1:1.0.9-1, automatic), liblzma-dev:armhf (5.2.5-2.1~deb11u1, automatic), libswscale-dev:armhf (8:4.3.6-0+deb11u1+rpt2, automatic), autoconf:armhf (2.69-14, automatic), xorg-sgml-doctools:armhf (1:1.11-1.1, automatic), libboost-dev:armhf (1.74.0.3+b1), autopoint:armhf (0.21-4, automatic), libavdevice-dev:armhf (8:4.3.6-0+deb11u1+rpt2), libvulkan-dev:armhf (1.2.162.0-1, automatic), libdeflate-dev:armhf (1.7-1, automatic), qtbase5-dev:armhf (5.15.2+dfsg-9+rpi1), autotools-dev:armhf (20180224.1+nmu1, automatic), gettext:armhf (0.21-4, automatic), libtool:armhf (2.4.6-15, automatic), librhash0:armhf (1.4.1-2, automatic), libavutil-dev:armhf (8:4.3.6-0+deb11u1+rpt2, automatic), libx11-dev:armhf (2:1.7.2-1+deb11u1), libgl-dev:armhf (1.3.2-1, automatic), libpthread-stubs0-dev:armhf (0.4-1, automatic), dh-autoreconf:armhf (20, automatic), libxext-dev:armhf (2:1.3.3-1.1, automatic), x11proto-xext-dev:armhf (2020.1-1, automatic), libdrm-exynos1:armhf (2.4.104-1+rpi1, automatic), cmake-data:armhf (3.18.4-2+rpt1+rpi1+deb11u1, automatic), dh-strip-nondeterminism:armhf (1.12.0-1, automatic), libavfilter-dev:armhf (8:4.3.6-0+deb11u1+rpt2, automatic), m4:armhf (1.4.18-5, automatic), libxdmcp-dev:armhf (1:1.1.2-3, automatic), intltool-debian:armhf (0.35.0+20060710.5, automatic), qt5-qmake:armhf (5.15.2+dfsg-9+rpi1, automatic), libfile-stripnondeterminism-perl:armhf (1.12.0-1, automatic), x11proto-dev:armhf (2020.1-1, automatic), libdrm-tegra0:armhf (2.4.104-1+rpi1, automatic), libtiff-dev:armhf (4.2.0-1+deb11u4), libdrm-etnaviv1:armhf (2.4.104-1+rpi1, automatic), libavformat-dev:armhf (8:4.3.6-0+deb11u1+rpt2), libavcodec-dev:armhf (8:4.3.6-0+deb11u1+rpt2), cmake:armhf (3.18.4-2+rpt1+rpi1+deb11u1), libboost-program-options-dev:armhf (1.74.0.3+b1), libswresample-dev:armhf (8:4.3.6-0+deb11u1+rpt2)
Upgrade: libx11-xcb1:armhf (2:1.7.2-1, 2:1.7.2-1+deb11u1), libavdevice58:armhf (7:4.3.6-0+deb11u1+rpt1, 8:4.3.6-0+deb11u1+rpt2), ffmpeg:armhf (7:4.3.6-0+deb11u1+rpt1, 8:4.3.6-0+deb11u1+rpt2), libpostproc55:armhf (7:4.3.6-0+deb11u1+rpt1, 8:4.3.6-0+deb11u1+rpt2), libavcodec58:armhf (7:4.3.6-0+deb11u1+rpt1, 8:4.3.6-0+deb11u1+rpt2), libavutil56:armhf (7:4.3.6-0+deb11u1+rpt1, 8:4.3.6-0+deb11u1+rpt2), libswscale5:armhf (7:4.3.6-0+deb11u1+rpt1, 8:4.3.6-0+deb11u1+rpt2), libswresample3:armhf (7:4.3.6-0+deb11u1+rpt1, 8:4.3.6-0+deb11u1+rpt2), libavformat58:armhf (7:4.3.6-0+deb11u1+rpt1, 8:4.3.6-0+deb11u1+rpt2), libx11-6:armhf (2:1.7.2-1, 2:1.7.2-1+deb11u1), libavresample4:armhf (7:4.3.6-0+deb11u1+rpt1, 8:4.3.6-0+deb11u1+rpt2), libavfilter7:armhf (7:4.3.6-0+deb11u1+rpt1, 8:4.3.6-0+deb11u1+rpt2)
End-Date: 2023-07-14  15:42:36

Start-Date: 2023-07-14  15:43:13
Commandline: apt build-dep libcamera0
Requested-By: pi (1000)
Install: libidn2-dev:armhf (2.3.0-5, automatic), libblkid-dev:armhf (2.36.1-8+deb11u1, automatic), libxapian30:armhf (1.4.18-3+deb11u1, automatic), libselinux1-dev:armhf (3.1-3, automatic), libglib2.0-dev-bin:armhf (2.66.8-1, automatic), python3-tz:armhf (2021.1-1, automatic), libpcre32-3:armhf (2:8.39-13, automatic), python-babel-localedata:armhf (2.8.0+dfsg.1-7, automatic), libelf-dev:armhf (0.183-1, automatic), libmount-dev:armhf (2.36.1-8+deb11u1, automatic), libglib2.0-dev:armhf (2.66.8-1, automatic), python3-sphinx:armhf (3.4.3-2), gir1.2-gstreamer-1.0:armhf (1.18.4-2.1, automatic), dh-exec:armhf (0.23.2+b3), dh-python:armhf (4.20201102+nmu1), libunwind-dev:armhf (1.3.2-2, automatic), sphinx-common:armhf (3.4.3-2, automatic), libgnutls28-dev:armhf (3.7.1-5+deb11u3), libgmpxx4ldbl:armhf (2:6.2.1+dfsg-1+deb11u1, automatic), libudev-dev:armhf (247.3-7+rpi1+deb11u2), python3-pyparsing:armhf (2.4.7-1, automatic), gir1.2-gst-plugins-base-1.0:armhf (1.18.4-2+deb11u1, automatic), libclang1-11:armhf (1:11.0.1-2+rpi1, automatic), doxygen:armhf (1.9.1-1), python3-alabaster:armhf (0.7.8-1.1, automatic), python3-babel:armhf (2.8.0+dfsg.1-7, automatic), python3-packaging:armhf (20.9-2, automatic), libffi-dev:armhf (3.3-6, automatic), libsepol1-dev:armhf (3.1-1, automatic), liborc-0.4-dev:armhf (1:0.4.32-1, automatic), libclang-cpp11:armhf (1:11.0.1-2+rpi1, automatic), libp11-kit-dev:armhf (0.23.22-1, automatic), libgstreamer-plugins-base1.0-dev:armhf (1.18.4-2+deb11u1), python3-snowballstemmer:armhf (2.1.0-1, automatic), libx11-xcb-dev:armhf (2:1.7.2-1+deb11u1, automatic), uuid-dev:armhf (2.36.1-8+deb11u1, automatic), libunbound8:armhf (1.13.1-1+deb11u1, automatic), libgstreamer1.0-dev:armhf (1.18.4-2.1, automatic), libpcrecpp0v5:armhf (2:8.39-13, automatic), python3-ply:armhf (3.11-4), libtasn1-6-dev:armhf (4.16.0-2+deb11u1, automatic), libpcre16-3:armhf (2:8.39-13, automatic), libyaml-dev:armhf (0.2.2-1), python3-yaml:armhf (5.3.1-5), libwayland-bin:armhf (1.18.0-2~exp1.1, automatic), libwayland-dev:armhf (1.18.0-2~exp1.1, automatic), libpcre2-32-0:armhf (10.36-2+deb11u1, automatic), libgmp-dev:armhf (2:6.2.1+dfsg-1+deb11u1, automatic), nettle-dev:armhf (3.7.3-1, automatic), meson:armhf (0.56.2-1), libdw-dev:armhf (0.183-1, automatic), python3-imagesize:armhf (1.2.0-2, automatic), libgnutls-openssl27:armhf (3.7.1-5+deb11u3, automatic), libpcre2-dev:armhf (10.36-2+deb11u1, automatic), libgnutlsxx28:armhf (3.7.1-5+deb11u3, automatic), ninja-build:armhf (1.10.1-1, automatic), libgnutls-dane0:armhf (3.7.1-5+deb11u3, automatic), libpcre3-dev:armhf (2:8.39-13, automatic), liborc-0.4-dev-bin:armhf (1:0.4.32-1, automatic), pybind11-dev:armhf (2.6.2-1)
Upgrade: udev:armhf (247.3-7+rpi1+deb11u1, 247.3-7+rpi1+deb11u2), libgstreamer-gl1.0-0:armhf (1.18.4-2, 1.18.4-2+deb11u1), libudev1:armhf (247.3-7+rpi1+deb11u1, 247.3-7+rpi1+deb11u2), libgstreamer-plugins-base1.0-0:armhf (1.18.4-2, 1.18.4-2+deb11u1)
End-Date: 2023-07-14  15:43:56

Start-Date: 2023-07-14  15:44:15
Commandline: apt install vim vim-runtime vim-common
Requested-By: pi (1000)
Install: vim:armhf (2:8.2.2434-3+deb11u1), vim-runtime:armhf (2:8.2.2434-3+deb11u1)
End-Date: 2023-07-14  15:44:20

Start-Date: 2023-07-17  09:46:57
Commandline: apt install tcpdump
Requested-By: pi (1000)
Install: tcpdump:armhf (4.99.0-2+deb11u1)
End-Date: 2023-07-17  09:46:59

Start-Date: 2023-07-17  10:28:03
Commandline: apt purge avahi-daemon
Requested-By: pi (1000)
Purge: avahi-daemon:armhf (0.8-5+deb11u2), ipp-usb:armhf (0.9.17-3), libnss-mdns:armhf (0.14.1-2)
End-Date: 2023-07-17  10:28:11

Start-Date: 2023-07-17  10:29:37
Commandline: apt purge modemmanager
Requested-By: pi (1000)
Purge: modemmanager:armhf (1.14.12-0.2)
End-Date: 2023-07-17  10:29:42

Start-Date: 2023-07-17  10:31:18
Commandline: apt purge pipewire-bin
Requested-By: pi (1000)
Purge: pipewire:armhf (0.3.19-4), pipewire-bin:armhf (0.3.19-4)
End-Date: 2023-07-17  10:31:21

Start-Date: 2023-07-17  10:34:17
Commandline: apt purge packagekit
Requested-By: pi (1000)
Purge: gui-pkinst:armhf (0.9), pi-package:armhf (0.8), lxplug-updater:armhf (0.13), packagekit:armhf (1.2.2-2), rp-prefapps:armhf (0.46), piwiz:armhf (0.43), pi-package-session:armhf (0.8)
End-Date: 2023-07-17  10:34:21

Start-Date: 2023-07-18  09:20:53
Commandline: apt install gstreamer1.0-rtsp gstreamer1.0-tools
Requested-By: pi (1000)
Install: libgstrtspserver-1.0-0:armhf (1.18.4-2, automatic), gstreamer1.0-tools:armhf (1.18.4-2.1), gstreamer1.0-rtsp:armhf (1.18.4-2)
End-Date: 2023-07-18  09:20:56

Start-Date: 2023-07-18  09:32:38
Commandline: apt install gstreamer1.0-plugins-ugly
Requested-By: pi (1000)
Install: gstreamer1.0-plugins-ugly:armhf (1.18.4-2), libopencore-amrnb0:armhf (0.1.5-1, automatic), libopencore-amrwb0:armhf (0.1.5-1, automatic), libsidplay1v5:armhf (1.36.60-1, automatic)
End-Date: 2023-07-18  09:32:40

Start-Date: 2023-07-18  09:39:24
Commandline: apt install gstreamer1.0-plugins-good gstreamer1.0-plugins-bad gstreamer1.0-nice
Requested-By: pi (1000)
Install: gstreamer1.0-nice:armhf (0.1.16-1)
Upgrade: libgstreamer-plugins-bad1.0-0:armhf (1.18.4-3, 1.18.4-3+deb11u1), gstreamer1.0-plugins-good:armhf (1.18.4-2+deb11u1+rpt1, 1.18.4-2+deb11u2+rpt1), gstreamer1.0-plugins-bad:armhf (1.18.4-3, 1.18.4-3+deb11u1)
End-Date: 2023-07-18  09:39:27

Start-Date: 2023-07-18  09:40:02
Commandline: apt install avahi-daemon
Requested-By: pi (1000)
Install: avahi-daemon:armhf (0.8-5+deb11u2), libnss-mdns:armhf (0.14.1-2, automatic)
End-Date: 2023-07-18  09:40:07

Start-Date: 2023-07-18  09:40:51
Commandline: apt install pipewire
Requested-By: pi (1000)
Install: pipewire:armhf (0.3.19-4), pipewire-bin:armhf (0.3.19-4, automatic)
End-Date: 2023-07-18  09:40:54

Start-Date: 2023-07-18  09:41:13
Commandline: apt install gstreamer1.0-pipewire
Requested-By: pi (1000)
Install: gstreamer1.0-pipewire:armhf (0.3.19-4)
End-Date: 2023-07-18  09:41:14

Start-Date: 2023-07-18  09:43:24
Commandline: apt purge pipewire pipewire-bin avahi-daemon libnss-mdns
Requested-By: pi (1000)
Purge: avahi-daemon:armhf (0.8-5+deb11u2), pipewire:armhf (0.3.19-4), gstreamer1.0-pipewire:armhf (0.3.19-4), pipewire-bin:armhf (0.3.19-4), libnss-mdns:armhf (0.14.1-2)
End-Date: 2023-07-18  09:43:32

Start-Date: 2023-07-18  09:51:32
Commandline: apt install gstreamer1.0-omx-generic gstreamer1.0-omx-generic-config
Requested-By: pi (1000)
Install: gstreamer1.0-omx-generic:armhf (1.18.3-1), gstreamer1.0-omx-generic-config:armhf (1.18.3-1)
End-Date: 2023-07-18  09:51:33
